<?xml version="1.0" encoding="UTF-8"?>
<!-- Generated by org.testng.reporters.JUnitReportReporter -->
<testsuite hostname="LAPTOP-VHCATECF" failures="0" tests="1" name="org.example.SeleniumTests" time="5.405" errors="0" timestamp="2024-06-19T11:56:38 IST" skipped="0">
  <testcase classname="org.example.SeleniumTests" name="PlaceOrder" time="5.405">
    <system-out>
      <![CDATA[login successful
Items have been added successfully
Order placed successfully]]>
    </system-out>
  </testcase> <!-- PlaceOrder -->
  <system-out>
    <![CDATA[login successful
Items have been added successfully
Order placed successfully]]>
  </system-out>
</testsuite> <!-- org.example.SeleniumTests -->
